*** Starting uWSGI 2.0.23 (64bit) on [Wed Apr 10 22:22:34 2024] ***
compiled with version: 11.2.0 on 15 January 2024 06:07:54
os: Linux-5.15.0-91-generic #101-Ubuntu SMP Tue Nov 14 13:30:08 UTC 2023
nodename: VM-16-17-ubuntu
machine: x86_64
clock source: unix
detected number of CPU cores: 2
current working directory: /home/ubuntu/chuangxin/vasorum-detacted-backend
writing pidfile to uwsgi.pid
detected binary path: /usr/local/bin/uwsgi
!!! no internal routing support, rebuild with pcre support !!!
chdir() to /home/ubuntu/chuangxin/vasorum-detacted-backend
your processes number limit is 7401
your memory page size is 4096 bytes
detected max file descriptor number: 1048576
lock engine: pthread robust mutexes
thunder lock: disabled (you can enable it with --thunder-lock)
uwsgi socket 0 bound to TCP address 127.0.0.1:8000 fd 6
Python version: 3.10.12 (main, Nov 20 2023, 15:14:05) [GCC 11.4.0]
Set PythonHome to /home/ubuntu/anaconda3/envs/django
Python path configuration:
  PYTHONHOME = '/home/ubuntu/anaconda3/envs/django'
  PYTHONPATH = (not set)
  program name = '/home/ubuntu/anaconda3/envs/django/bin/python'
  isolated = 0
  environment = 1
  user site = 1
  import site = 1
  sys._base_executable = '/home/ubuntu/anaconda3/envs/django/bin/python'
  sys.base_prefix = '/home/ubuntu/anaconda3/envs/django'
  sys.base_exec_prefix = '/home/ubuntu/anaconda3/envs/django'
  sys.platlibdir = 'lib'
  sys.executable = '/home/ubuntu/anaconda3/envs/django/bin/python'
  sys.prefix = '/home/ubuntu/anaconda3/envs/django'
  sys.exec_prefix = '/home/ubuntu/anaconda3/envs/django'
  sys.path = [
    '/home/ubuntu/anaconda3/envs/django/lib/python310.zip',
    '/home/ubuntu/anaconda3/envs/django/lib/python3.10',
    '/home/ubuntu/anaconda3/envs/django/lib/python3.10/lib-dynload',
  ]
Fatal Python error: init_fs_encoding: failed to get the Python codec of the filesystem encoding
Python runtime state: core initialized
ModuleNotFoundError: No module named 'encodings'

Current thread 0x00007fa844896740 (most recent call first):
  <no Python frame>
*** Starting uWSGI 2.0.23 (64bit) on [Wed Apr 10 22:40:45 2024] ***
compiled with version: 11.2.0 on 15 January 2024 06:07:54
os: Linux-5.15.0-91-generic #101-Ubuntu SMP Tue Nov 14 13:30:08 UTC 2023
nodename: VM-16-17-ubuntu
machine: x86_64
clock source: unix
detected number of CPU cores: 2
current working directory: /home/ubuntu/chuangxin/vasorum-detacted-backend
writing pidfile to uwsgi.pid
detected binary path: /usr/local/bin/uwsgi
!!! no internal routing support, rebuild with pcre support !!!
chdir() to /home/ubuntu/chuangxin/vasorum-detacted-backend
your processes number limit is 7401
your memory page size is 4096 bytes
detected max file descriptor number: 1048576
lock engine: pthread robust mutexes
thunder lock: disabled (you can enable it with --thunder-lock)
uwsgi socket 0 bound to TCP address 127.0.0.1:8000 fd 6
Python version: 3.10.12 (main, Nov 20 2023, 15:14:05) [GCC 11.4.0]
Set PythonHome to /home/ubuntu/anaconda3/envs/django
Python path configuration:
  PYTHONHOME = '/home/ubuntu/anaconda3/envs/django'
  PYTHONPATH = (not set)
  program name = '/home/ubuntu/anaconda3/envs/django/bin/python'
  isolated = 0
  environment = 1
  user site = 1
  import site = 1
  sys._base_executable = '/home/ubuntu/anaconda3/envs/django/bin/python'
  sys.base_prefix = '/home/ubuntu/anaconda3/envs/django'
  sys.base_exec_prefix = '/home/ubuntu/anaconda3/envs/django'
  sys.platlibdir = 'lib'
  sys.executable = '/home/ubuntu/anaconda3/envs/django/bin/python'
  sys.prefix = '/home/ubuntu/anaconda3/envs/django'
  sys.exec_prefix = '/home/ubuntu/anaconda3/envs/django'
  sys.path = [
    '/home/ubuntu/anaconda3/envs/django/lib/python310.zip',
    '/home/ubuntu/anaconda3/envs/django/lib/python3.10',
    '/home/ubuntu/anaconda3/envs/django/lib/python3.10/lib-dynload',
  ]
Fatal Python error: init_fs_encoding: failed to get the Python codec of the filesystem encoding
Python runtime state: core initialized
ModuleNotFoundError: No module named 'encodings'

Current thread 0x00007f6959875740 (most recent call first):
  <no Python frame>
*** Starting uWSGI 2.0.23 (64bit) on [Wed Apr 10 22:41:40 2024] ***
compiled with version: 11.2.0 on 15 January 2024 06:07:54
os: Linux-5.15.0-91-generic #101-Ubuntu SMP Tue Nov 14 13:30:08 UTC 2023
nodename: VM-16-17-ubuntu
machine: x86_64
clock source: unix
detected number of CPU cores: 2
current working directory: /home/ubuntu/chuangxin/vasorum-detacted-backend
writing pidfile to uwsgi.pid
detected binary path: /usr/local/bin/uwsgi
!!! no internal routing support, rebuild with pcre support !!!
chdir() to /home/ubuntu/chuangxin/vasorum-detacted-backend
your processes number limit is 7401
your memory page size is 4096 bytes
detected max file descriptor number: 1048576
lock engine: pthread robust mutexes
thunder lock: disabled (you can enable it with --thunder-lock)
uwsgi socket 0 bound to TCP address 127.0.0.1:8000 fd 6
Python version: 3.10.12 (main, Nov 20 2023, 15:14:05) [GCC 11.4.0]
Set PythonHome to /home/ubuntu/anaconda3/envs/django
Python path configuration:
  PYTHONHOME = '/home/ubuntu/anaconda3/envs/django'
  PYTHONPATH = (not set)
  program name = '/home/ubuntu/anaconda3/envs/django/bin/python'
  isolated = 0
  environment = 1
  user site = 1
  import site = 1
  sys._base_executable = '/home/ubuntu/anaconda3/envs/django/bin/python'
  sys.base_prefix = '/home/ubuntu/anaconda3/envs/django'
  sys.base_exec_prefix = '/home/ubuntu/anaconda3/envs/django'
  sys.platlibdir = 'lib'
  sys.executable = '/home/ubuntu/anaconda3/envs/django/bin/python'
  sys.prefix = '/home/ubuntu/anaconda3/envs/django'
  sys.exec_prefix = '/home/ubuntu/anaconda3/envs/django'
  sys.path = [
    '/home/ubuntu/anaconda3/envs/django/lib/python310.zip',
    '/home/ubuntu/anaconda3/envs/django/lib/python3.10',
    '/home/ubuntu/anaconda3/envs/django/lib/python3.10/lib-dynload',
  ]
Fatal Python error: init_fs_encoding: failed to get the Python codec of the filesystem encoding
Python runtime state: core initialized
ModuleNotFoundError: No module named 'encodings'

Current thread 0x00007fadb0cce740 (most recent call first):
  <no Python frame>
